<?xml version="1.0" encoding="UTF-8"?>
<testng-results ignored="0" total="4" passed="4" failed="0" skipped="0">
  <reporter-output>
  </reporter-output>
  <suite started-at="2024-04-12T11:02:08 IST" name="Default suite" finished-at="2024-04-12T11:02:08 IST" duration-ms="194">
    <groups>
    </groups>
    <test started-at="2024-04-12T11:02:08 IST" name="Default test" finished-at="2024-04-12T11:02:08 IST" duration-ms="194">
      <class name="Danger3.Q_Data_driven_Framework">
        <test-method signature="test1(java.lang.String,java.lang.String)[pri:0, instance:Danger3.Q_Data_driven_Framework@5a59ca5e]" started-at="2024-04-12T11:02:08 IST" name="test1" data-provider="dp2" finished-at="2024-04-12T11:02:08 IST" duration-ms="7" status="PASS">
          <params>
            <param index="0">
              <value>
                <![CDATA[username1]]>
              </value>
            </param>
            <param index="1">
              <value>
                <![CDATA[sanjeev]]>
              </value>
            </param>
          </params>
          <reporter-output>
          </reporter-output>
        </test-method> <!-- test1 -->
        <test-method signature="test1(java.lang.String,java.lang.String)[pri:0, instance:Danger3.Q_Data_driven_Framework@5a59ca5e]" started-at="2024-04-12T11:02:08 IST" name="test1" data-provider="dp2" finished-at="2024-04-12T11:02:08 IST" duration-ms="1" status="PASS">
          <params>
            <param index="0">
              <value>
                <![CDATA[Username2]]>
              </value>
            </param>
            <param index="1">
              <value>
                <![CDATA[sanjeev12]]>
              </value>
            </param>
          </params>
          <reporter-output>
          </reporter-output>
        </test-method> <!-- test1 -->
        <test-method signature="test1(java.lang.String,java.lang.String)[pri:0, instance:Danger3.Q_Data_driven_Framework@5a59ca5e]" started-at="2024-04-12T11:02:08 IST" name="test1" data-provider="dp2" finished-at="2024-04-12T11:02:08 IST" duration-ms="1" status="PASS">
          <params>
            <param index="0">
              <value>
                <![CDATA[Username3]]>
              </value>
            </param>
            <param index="1">
              <value>
                <![CDATA[sanjeev456]]>
              </value>
            </param>
          </params>
          <reporter-output>
          </reporter-output>
        </test-method> <!-- test1 -->
        <test-method signature="test1(java.lang.String,java.lang.String)[pri:0, instance:Danger3.Q_Data_driven_Framework@5a59ca5e]" started-at="2024-04-12T11:02:08 IST" name="test1" data-provider="dp2" finished-at="2024-04-12T11:02:08 IST" duration-ms="2" status="PASS">
          <params>
            <param index="0">
              <value>
                <![CDATA[username4]]>
              </value>
            </param>
            <param index="1">
              <value>
                <![CDATA[sa j65433]]>
              </value>
            </param>
          </params>
          <reporter-output>
          </reporter-output>
        </test-method> <!-- test1 -->
      </class> <!-- Danger3.Q_Data_driven_Framework -->
    </test> <!-- Default test -->
  </suite> <!-- Default suite -->
</testng-results>
