<?xml version="1.0" encoding="UTF-8"?>
<!-- Generated by org.testng.reporters.JUnitXMLReporter -->
<testsuite ignored="0" hostname="GSPL-LAP-10068878" failures="0" tests="4" name="Default test" time="0.194" errors="0" timestamp="2024-04-12T11:02:09 IST">
  <testcase classname="Danger3.Q_Data_driven_Framework" name="test1" time="0.007"/>
  <testcase classname="Danger3.Q_Data_driven_Framework" name="test1" time="0.001"/>
  <testcase classname="Danger3.Q_Data_driven_Framework" name="test1" time="0.001"/>
  <testcase classname="Danger3.Q_Data_driven_Framework" name="test1" time="0.002"/>
</testsuite> <!-- Default test -->
